[10/08/2016 20:14:15] GoogleUsername does not contain an email.
You have to enter your Google email address to login with Google.
[10/08/2016 20:15:29] Logging in...
[10/08/2016 20:15:41] Exception: BadAuthentication
[10/08/2016 20:16:19] Logging in...
[10/08/2016 20:29:12] Looking for a Dragonite at 51.4555634051858, -2.59339561112854.
[10/08/2016 20:29:34] Using a RazzBerry.
[10/08/2016 20:29:38] We caught a Dragonite.
 - CP: 1064
 - IV: 73.6384763916804
 - Move 1: DragonBreathFast
 - Move 2: DragonClaw
[10/08/2016 20:29:40] We have 36 Pokeballs and 35 berries left. We have 95 Pokemon.
[10/08/2016 20:29:40] Caught everything we could find.
[10/08/2016 20:30:30] Looking for a Dragonite at 51.4555634051858, -2.59339561112854.
[10/08/2016 20:30:37] There is no Dragonite here.
[10/08/2016 20:32:16] Logging in...
[10/08/2016 20:32:47] Looking for a Lapras at 59.307615, 18.025974.
[10/08/2016 20:32:54] There is no Lapras here.
[10/08/2016 20:33:23] Looking for a Exeggutor at 40.769108, -73.974877.
[10/08/2016 20:33:43] Using a RazzBerry.
[10/08/2016 20:33:46] We caught a Exeggutor.
 - CP: 807
 - IV: 67.0823127893285
 - Move 1: ZenHeadbuttFast
 - Move 2: SeedBomb
[10/08/2016 20:33:48] We have 35 Pokeballs and 34 berries left. We have 96 Pokemon.
[10/08/2016 20:33:48] Caught everything we could find.
[10/08/2016 20:35:00] Logging in...
[10/08/2016 20:35:49] Looking for a Snorlax at 43.674388, -79.358304.
[10/08/2016 20:36:06] Using a RazzBerry.
[10/08/2016 20:36:10] We caught a Snorlax.
 - CP: 1571
 - IV: 86.4330236492976
 - Move 1: ZenHeadbuttFast
 - Move 2: Earthquake
[10/08/2016 20:36:11] We have 34 Pokeballs and 33 berries left. We have 97 Pokemon.
[10/08/2016 20:36:11] Caught everything we could find.
[10/08/2016 20:37:13] Looking for a Aerodactyl at 41.896265, -87.627314.
[10/08/2016 20:37:33] Using a RazzBerry.
[10/08/2016 20:37:36] We caught a Aerodactyl.
 - CP: 661
 - IV: 81.4961463113539
 - Move 1: BiteFast
 - Move 2: AncientPower
[10/08/2016 20:37:38] We have 33 Pokeballs and 32 berries left. We have 98 Pokemon.
[10/08/2016 20:37:38] Caught everything we could find.
[10/08/2016 20:38:03] Looking for a Lapras at 59.307615, 18.025974.
[10/08/2016 20:38:10] There is no Lapras here.
[10/08/2016 20:40:17] Looking for a Snorlax at 50.480552, -104.619707.
[10/08/2016 20:40:40] Using a RazzBerry.
[10/08/2016 20:40:46] We caught a Snorlax.
 - CP: 580
 - IV: 66.0463226224847
 - Move 1: ZenHeadbuttFast
 - Move 2: Earthquake
[10/08/2016 20:40:47] We have 31 Pokeballs and 31 berries left. We have 99 Pokemon.
[10/08/2016 20:40:47] Caught everything we could find.
[10/08/2016 20:41:09] Looking for a Lapras at 43.66283, -79.436852.
[10/08/2016 20:41:27] Using a RazzBerry.
[10/08/2016 20:41:28] We caught a Lapras.
 - CP: 1775
 - IV: 60.9121456284225
 - Move 1: FrostBreathFast
 - Move 2: DragonPulse
[10/08/2016 20:41:31] We have 30 Pokeballs and 30 berries left. We have 100 Pokemon.
[10/08/2016 20:41:31] Caught everything we could find.
[10/08/2016 20:41:54] Looking for a Ninetales at -26.059897, 28.073264.
[10/08/2016 20:42:15] Ninetales got away.
 - CP: 333
 - IV: 51.2201334036437
 - Move 1: FeintAttackFast
 - Move 2: HeatWave
[10/08/2016 20:42:15] The Pokemon fled. Make sure you are not softbanned, otherwise you can not catch any Pokemon.
[10/08/2016 20:42:17] We have 29 Pokeballs and 30 berries left. We have 100 Pokemon.
[10/08/2016 20:42:17] Caught everything we could find.
[10/08/2016 20:42:59] Looking for a Hitmonchan at 39.751931, -105.000269.
[10/08/2016 20:43:22] We caught a Hitmonchan.
 - CP: 286
 - IV: 83.4794721181348
 - Move 1: BulletPunchFast
 - Move 2: FirePunch
[10/08/2016 20:43:25] We have 26 Pokeballs and 30 berries left. We have 101 Pokemon.
[10/08/2016 20:43:25] Caught everything we could find.
[10/08/2016 20:43:52] Looking for a Slowbro at -33.873317, 151.200545.
[10/08/2016 20:44:09] Using a RazzBerry.
[10/08/2016 20:44:18] We caught a Slowbro.
 - CP: 1004
 - IV: 31.153136017861
 - Move 1: WaterGunFast
 - Move 2: WaterPulse
[10/08/2016 20:44:21] We have 22 Pokeballs and 29 berries left. We have 102 Pokemon.
[10/08/2016 20:44:21] Caught everything we could find.
[10/08/2016 20:44:45] Looking for a Arcanine at 36.125189, -115.135508.
[10/08/2016 20:45:03] Using a RazzBerry.
[10/08/2016 20:45:10] Arcanine got away.
 - CP: 1423
 - IV: 86.5465110283361
 - Move 1: FireFangFast
 - Move 2: Flamethrower
[10/08/2016 20:45:10] The Pokemon fled. Make sure you are not softbanned, otherwise you can not catch any Pokemon.
[10/08/2016 20:45:11] We have 19 Pokeballs and 28 berries left. We have 102 Pokemon.
[10/08/2016 20:45:11] Caught everything we could find.
[10/08/2016 20:45:34] Looking for a Arcanine at 36.125189, -115.135508.
[10/08/2016 20:45:41] There is no Arcanine here.
[10/08/2016 20:46:20] Looking for a Nidoqueen at 39.722786, -105.029578.
[10/08/2016 20:46:35] Using a RazzBerry.
[10/08/2016 20:46:41] We caught a Nidoqueen.
 - CP: 716
 - IV: 42.4451595153728
 - Move 1: BiteFast
 - Move 2: Earthquake
[10/08/2016 20:46:43] We have 16 Pokeballs and 27 berries left. We have 103 Pokemon.
[10/08/2016 20:46:43] Caught everything we could find.
[10/08/2016 20:47:05] Looking for a Snorlax at -7.553578, 110.855245.
[10/08/2016 20:47:22] Using a RazzBerry.
[10/08/2016 20:47:26] We caught a Snorlax.
 - CP: 1876
 - IV: 69.3064932935497
 - Move 1: LickFast
 - Move 2: BodySlam
[10/08/2016 20:47:29] We have 14 Pokeballs and 26 berries left. We have 104 Pokemon.
[10/08/2016 20:47:29] Caught everything we could find.
[10/08/2016 20:47:57] Looking for a Dragonite at 49.282012, -123.131609.
[10/08/2016 20:48:12] Using a RazzBerry.
[10/08/2016 20:48:22] We caught a Dragonite.
 - CP: 1821
 - IV: 66.4862000742498
 - Move 1: SteelWingFast
 - Move 2: DragonPulse
[10/08/2016 20:48:24] We have 8 Pokeballs and 25 berries left. We have 105 Pokemon.
[10/08/2016 20:48:24] Caught everything we could find.
[10/08/2016 20:48:39] Looking for a Gyarados at 45.463061, 9.194452.
[10/08/2016 20:48:57] Using a RazzBerry.
[10/08/2016 20:49:00] We caught a Gyarados.
 - CP: 356
 - IV: 87.9806605391508
 - Move 1: BiteFast
 - Move 2: Twister
[10/08/2016 20:49:01] We have 7 Pokeballs and 24 berries left. We have 106 Pokemon.
[10/08/2016 20:49:01] Caught everything we could find.
[10/08/2016 20:50:15] Looking for a Blastoise at 58.922543, 5.843727.
[10/08/2016 20:50:34] Using a RazzBerry.
[10/08/2016 20:50:49] We caught a Blastoise.
 - CP: 1040
 - IV: 27.5883484097745
 - Move 1: BiteFast
 - Move 2: HydroPump
[10/08/2016 20:50:51] We have 0 Pokeballs and 23 berries left. We have 107 Pokemon.
[10/08/2016 20:50:51] Caught everything we could find.
[10/08/2016 20:51:30] Looking for a Arcanine at 37.769582, -122.484536.
[10/08/2016 20:51:42] Got into the fight without any Pokeballs.
